<?xml version="1.0" encoding="UTF-8"?>
<!-- Generated by org.testng.reporters.JUnitXMLReporter -->
<testsuite ignored="0" hostname="DESKTOP-KSTJK7A" failures="0" tests="6" name="Default test" time="7.918" errors="0" timestamp="2023-04-22T01:19:50 EET">
  <testcase classname="tests.TC_Products" name="getAllProducts" time="3.541"/>
  <testcase classname="tests.TC_Products" name="getSingleProduct" time="0.646"/>
  <testcase classname="tests.TC_Products" name="searchProducts" time="0.569"/>
  <testcase classname="tests.TC_Products" name="addProduct" time="1.135"/>
  <testcase classname="tests.TC_Products" name="updateProduct" time="1.458"/>
  <testcase classname="tests.TC_Products" name="deleteProduct" time="0.448"/>
</testsuite> <!-- Default test -->
